/BATCH  
/COM,ANSYS RELEASE Release 19.1      BUILD 19.1      UP20180418       10:28:22
/input,menust,tmp,''
/GRA,POWER
/GST,ON
/PLO,INFO,3
/GRO,CURL,ON
/CPLANE,1   
/REPLOT,RESIZE  
/REPLOT,RESIZE  
WPSTYLE,,,,,,,,0
genbeamsec  
/COM,ANSYS RELEASE Release 19.1      BUILD 19.1      UP20180418       10:30:04
/REPLOT,RESIZE  
buildbridge 
/COM,ANSYS RELEASE Release 19.1      BUILD 19.1      UP20180418       10:31:08
solmode 
/POST1  
SET,LIST
SAVE
FINISH  
! /EXIT,ALL 
/BATCH  
/COM,ANSYS RELEASE Release 19.1      BUILD 19.1      UP20180418       10:37:33
/input,menust,tmp,''
/GRA,POWER
/GST,ON
/PLO,INFO,3
/GRO,CURL,ON
/CPLANE,1   
/REPLOT,RESIZE  
WPSTYLE,,,,,,,,0
/REPLOT,RESIZE  
Ansys_to_MSBdat 
FINISH  
! /EXIT,NOSAV   
/BATCH  
/COM,ANSYS RELEASE Release 19.1      BUILD 19.1      UP20180418       10:38:37
/input,menust,tmp,''
/GRA,POWER
/GST,ON
/PLO,INFO,3
/GRO,CURL,ON
/CPLANE,1   
/REPLOT,RESIZE  
WPSTYLE,,,,,,,,0
/POST1  
SET,LIST
/REPLOT,RESIZE  
NPLOT   
/REPLOT 
/DIST, 1 ,1.082226,1
/REP,FAST   
/DIST, 1 ,1.082226,1
/REP,FAST   
/DIST, 1 ,1.082226,1
/REP,FAST   
/DIST, 1 ,1.082226,1
/REP,FAST   
/DIST, 1 ,1.082226,1
/REP,FAST   
/DIST, 1 ,1.082226,1
/REP,FAST   
/DIST, 1 ,1.082226,1
/REP,FAST   
/DIST, 1 ,1.082226,1
/REP,FAST   
/DIST, 1 ,0.924021,1
/REP,FAST   
/DIST, 1 ,0.924021,1
/REP,FAST   
/DIST, 1 ,0.924021,1
/REP,FAST   
/DIST, 1 ,0.924021,1
/REP,FAST   
/DIST, 1 ,0.924021,1
/REP,FAST   
/DIST, 1 ,0.924021,1
/REP,FAST   
LPLOT   
EPLOT   
NPLOT   
nsel,all
/repl   
nlist   
buildbridge 
/COM,ANSYS RELEASE Release 19.1      BUILD 19.1      UP20180418       10:39:36
/REPLOT,RESIZE  
solmode 
Ansys_to_MSBdat 
Ansys_to_MSBdat_cont
Ansys_to_MSBdat_Post
NPLOT   
EPLOT   
esel,all
/repl   
EPLOT   
/eshape,1   
eplot   
/USER,  1   
/VIEW,  1,  0.116894910686    ,  0.767165151815    ,  0.630708498195
/REPLO  
/DIST, 1 ,0.924021,1
/REP,FAST   
/DIST, 1 ,0.924021,1
/REP,FAST   
/VIEW,1,1,1,1   
/ANG,1  
/REP,FAST   
SET,LIST
genbeamsec  
/COM,ANSYS RELEASE Release 19.1      BUILD 19.1      UP20180418       12:26:04
buildbridge 
/COM,ANSYS RELEASE Release 19.1      BUILD 19.1      UP20180418       12:26:15
solmode 
/DIST, 1 ,0.924021,1
/REP,FAST   
/DIST, 1 ,0.924021,1
/REP,FAST   
/DIST, 1 ,0.924021,1
/REP,FAST   
/DIST, 1 ,1.082226,1
/REP,FAST   
/DIST, 1 ,1.082226,1
/REP,FAST   
/DIST, 1 ,1.082226,1
/REP,FAST   
/DIST, 1 ,1.082226,1
/REP,FAST   
/DIST, 1 ,1.082226,1
/REP,FAST   
/USER,  1   
/FOC,   1,   165.965118936    ,   5.44706686633    ,   0.00000000000
/REPLO  
/POST1  
SET,LIST
PLDISP,0
/DIST, 1 ,0.924021,1
/REP,FAST   
/DIST, 1 ,0.924021,1
/REP,FAST   
/DIST, 1 ,0.924021,1
/REP,FAST   
/FOC,   1,   62.0795586430    ,   26.1868100183    ,   0.00000000000
/REPLO  
/FOC,   1,   60.5848023798    ,   30.2973897421    ,   0.00000000000
/REPLO  
/DIST, 1 ,1.082226,1
/REP,FAST   
/DIST, 1 ,1.082226,1
/REP,FAST   
/FOC,   1,   181.600428760    ,   27.0148682309    ,   0.00000000000
/REPLO  
/DIST, 1 ,0.924021,1
/REP,FAST   
/DIST, 1 ,0.924021,1
/REP,FAST   
/DIST, 1 ,0.924021,1
/REP,FAST   
/DIST, 1 ,0.924021,1
/REP,FAST   
/DIST, 1 ,0.924021,1
/REP,FAST   
/DIST, 1 ,0.924021,1
/REP,FAST   
/DIST, 1 ,0.924021,1
/REP,FAST   
/DIST, 1 ,1.082226,1
/REP,FAST   
/DIST, 1 ,1.082226,1
/REP,FAST   
/FOC,   1,   72.0752545876    ,   25.5407743659    ,   0.00000000000
/REPLO  
/FOC,   1,   48.1949339740    ,   25.9830025254    ,   0.00000000000
/REPLO  
/DIST, 1 ,0.924021,1
/REP,FAST   
/DIST, 1 ,0.924021,1
/REP,FAST   
/DIST, 1 ,0.924021,1
/REP,FAST   
/DIST, 1 ,0.924021,1
/REP,FAST   
/DIST, 1 ,0.924021,1
/REP,FAST   
/DIST, 1 ,0.924021,1
/REP,FAST   
/DIST, 1 ,0.924021,1
/REP,FAST   
/DIST, 1 ,0.924021,1
/REP,FAST   
/DIST, 1 ,0.924021,1
/REP,FAST   
/DIST, 1 ,0.924021,1
/REP,FAST   
/DIST, 1 ,0.924021,1
/REP,FAST   
/DIST, 1 ,0.924021,1
/REP,FAST   
/DIST, 1 ,0.924021,1
/REP,FAST   
/FOC,   1,   37.9047369833    ,   12.3682803531    ,   0.00000000000
/REPLO  
/DIST, 1 ,1.082226,1
/REP,FAST   
/DIST, 1 ,1.082226,1
/REP,FAST   
/DIST, 1 ,1.082226,1
/REP,FAST   
/DIST, 1 ,1.082226,1
/REP,FAST   
/DIST, 1 ,1.082226,1
/REP,FAST   
/DIST, 1 ,1.082226,1
/REP,FAST   
/DIST, 1 ,1.082226,1
/REP,FAST   
/DIST, 1 ,1.082226,1
/REP,FAST   
/DIST, 1 ,1.082226,1
/REP,FAST   
/DIST, 1 ,1.082226,1
/REP,FAST   
/DIST, 1 ,1.082226,1
/REP,FAST   
/DIST, 1 ,1.082226,1
/REP,FAST   
/DIST, 1 ,1.082226,1
/REP,FAST   
/DIST, 1 ,1.082226,1
/REP,FAST   
/DIST, 1 ,1.082226,1
/REP,FAST   
/DIST, 1 ,1.082226,1
/REP,FAST   
/DIST, 1 ,1.082226,1
/REP,FAST   
/DIST, 1 ,1.082226,1
/REP,FAST   
/FOC,   1,   191.306530607    ,   13.4624443590    ,   0.00000000000
/REPLO  
SET,NEXT
/REPLO  
/FOC,   1,   178.176562537    ,   13.4624443590    ,   0.00000000000
/REPLO  
SET,NEXT
/REPLO  
/FOC,   1,   178.176562537    ,   16.9637691778    ,   0.00000000000
/REPLO  
SET,NEXT
/REPLO  
SET,NEXT
/REPLO  
SET,NEXT
/REPLO  
SET,NEXT
/REPLO  
SET,NEXT
/FOC,   1,   177.301231332    ,   17.1826019790    ,   0.00000000000
/REPLO  
SET,NEXT
/REPLO  
SET,NEXT
/REPLO  
/FOC,   1,   164.390096063    ,   16.7449363767    ,   0.00000000000
/REPLO  
/FOC,   1,   164.827761665    ,   29.8749044472    ,   0.00000000000
/REPLO  
/REPLO  
/REPLO  
/FOC,   1,   164.171263261    ,   29.8749044472    ,   0.00000000000
/REPLO  
SET,FIRST   
/FOC,   1,   163.952430460    ,   29.8749044472    ,   0.00000000000
/REPLO  
/FOC,   1,   160.888771244    ,   30.9690684531    ,   0.00000000000
/REPLO  
/REPLO  
/REPLO  
/REPLO  
SET,NEXT
/REPLO  
/FOC,   1,   160.888771244    ,   35.7833900789    ,   0.00000000000
/REPLO  
SET,NEXT
/REPLO  
/FOC,   1,   189.774700999    ,   44.7555349271    ,   0.00000000000
/REPLO  
SET,NEXT
/REPLO  
/FOC,   1,   165.484260069    ,   42.1295413130    ,   0.00000000000
/REPLO  
/DIST, 1 ,0.924021,1
/REP,FAST   
/DIST, 1 ,0.924021,1
/REP,FAST   
/FOC,   1,   195.565932550    ,   26.2479129847    ,   0.00000000000
/REPLO  
SET,NEXT
/REPLO  
/FOC,   1,   138.392070568    ,   29.6110813366    ,   0.00000000000
/REPLO  
/FOC,   1,   171.650068714    ,   26.6215983572    ,   0.00000000000
/REPLO  
/REPLO  
/REPLO  
/REPLO  
/REPLO  
/FOC,   1,   166.044788128    ,   39.8874290785    ,   0.00000000000
/REPLO  
/REPLO  
/FOC,   1,   153.152642779    ,   36.1505753542    ,   0.00000000000
/REPLO  
SET,FIRST   
/REPLO  
/FOC,   1,   157.823709934    ,   29.4242386504    ,   0.00000000000
/REPLO  
/FOC,   1,   159.505294110    ,   26.4347556710    ,   0.00000000000
/REPLO  
/FOC,   1,   159.318451424    ,   26.4347556710    ,   0.00000000000
/REPLO  
/REPLO  
/REPLO  
/FOC,   1,   163.242147835    ,   30.9189801402    ,   0.00000000000
/REPLO  
SET,NEXT
/REPLO  
/FOC,   1,   162.681619776    ,   31.2926655126    ,   0.00000000000
/REPLO  
SET,NEXT
/FOC,   1,   155.207912327    ,   31.2926655126    ,   0.00000000000
/REPLO  
/FOC,   1,   183.794843318    ,   34.6558338645    ,   0.00000000000
/REPLO  
SET,NEXT
/FOC,   1,   126.060453277    ,   37.2716314715    ,   0.00000000000
/REPLO  
/FOC,   1,   175.573765124    ,   33.3479350610    ,   0.00000000000
/REPLO  
SET,NEXT
/REPLO  
/FOC,   1,   141.755238919    ,   33.3479350610    ,   0.00000000000
/REPLO  
/FOC,   1,   143.997351154    ,   20.8294750846    ,   0.00000000000
/REPLO  
SET,NEXT
/FOC,   1,   144.184193840    ,   20.8294750846    ,   0.00000000000
/REPLO  
/FOC,   1,   198.742258215    ,   19.5215762811    ,   0.00000000000
/REPLO  
SET,NEXT
/REPLO  
/FOC,   1,   196.126460608    ,   21.3900031433    ,   0.00000000000
/REPLO  
/REPLO  
/DIST, 1 ,0.924021,1
/REP,FAST   
/DIST, 1 ,0.924021,1
/REP,FAST   
/DIST, 1 ,0.924021,1
/REP,FAST   
/DIST, 1 ,0.924021,1
/REP,FAST   
/DIST, 1 ,0.924021,1
/REP,FAST   
/DIST, 1 ,0.924021,1
/REP,FAST   
/FOC,   1,   226.945069048    ,   15.6914679978    ,   0.00000000000
/REPLO  
/DIST, 1 ,1.082226,1
/REP,FAST   
/DIST, 1 ,1.082226,1
/REP,FAST   
/DIST, 1 ,1.082226,1
/REP,FAST   
/DIST, 1 ,1.082226,1
/REP,FAST   
/DIST, 1 ,1.082226,1
/REP,FAST   
/DIST, 1 ,1.082226,1
/REP,FAST   
/DIST, 1 ,1.082226,1
/REP,FAST   
/FOC,   1,   192.165728572    ,   16.2980844014    ,   0.00000000000
/REPLO  
/FOC,   1,   154.959922482    ,   19.7355773554    ,   0.00000000000
/REPLO  
/FOC,   1,   151.926840464    ,   18.5223445481    ,   0.00000000000
/REPLO  
/FOC,   1,   169.923127105    ,   22.9708648415    ,   0.00000000000
/REPLO  
SET,NEXT
/REPLO  
/FOC,   1,   166.687839619    ,   26.6105632634    ,   0.00000000000
/REPLO  
SET,NEXT
/FOC,   1,   164.059168537    ,   32.2723163641    ,   0.00000000000
/REPLO  
/REPLO  
SET,NEXT
/FOC,   1,   155.970949822    ,   37.3274530611    ,   0.00000000000
/REPLO  
/REPLO  
/REPLO  
/REPLO  
/REPLO  
/REPLO  
SET,LIST
solmode 
/REPLO  
/REPLO  
/REPLO  
/POST1  
SET,LIST
PLDISP,0
/REPLO  
/FOC,   1,   163.048141198    ,   37.1252475932    ,   0.00000000000
/REPLO  
/REPLO  
/REPLO  
/FOC,   1,   169.518716170    ,   37.7318639968    ,   0.00000000000
/REPLO  
/REPLO  
/FOC,   1,   170.125332574    ,   37.7318639968    ,   0.00000000000
/REPLO  
SET,NEXT
/REPLO  
SET,NEXT
/REPLO  
solmode 
/POST26 
FILE,'General32','rst','.'  
/UI,COLL,1  
NUMVAR,200  
SOLU,191,NCMIT  
STORE,MERGE 
FILLDATA,191,,,,1,1 
REALVAR,191,191 
FINISH  
/POST1  
PLDISP,0
/FOC,   1,   163.048141198    ,   37.1252475932    ,   0.00000000000
/REPLO  
/REPLO  
/REPLO  
/REPLO  
Ansys_to_MSBdat_cont
solmode 
Ansys_to_MSBdat 
Ansys_to_MSBdat_cont
Ansys_to_MSBdat_Post
SAVE
FINISH  
! /EXIT,ALL 
/BATCH  
/COM,ANSYS RELEASE Release 19.1      BUILD 19.1      UP20180418       16:53:34
/input,menust,tmp,''
/GRA,POWER
/GST,ON
/PLO,INFO,3
/GRO,CURL,ON
/CPLANE,1   
/REPLOT,RESIZE  
WPSTYLE,,,,,,,,0
RESUME  
/COM,ANSYS RELEASE Release 19.1      BUILD 19.1      UP20180418       16:54:20
EPLOT   
esel,all
EPLOT   
a2vbc   
FINISH  
/POST26 
FILE,'General32','rst','.'  
/UI,COLL,1  
NUMVAR,200  
SOLU,191,NCMIT  
STORE,MERGE 
FILLDATA,191,,,,1,1 
REALVAR,191,191 
FINISH  
/POST1  
/BATCH  
/COM,ANSYS RELEASE Release 19.1      BUILD 19.1      UP20180418       13:48:59
/input,menust,tmp,''
/GRA,POWER
/GST,ON
/PLO,INFO,3
/GRO,CURL,ON
/CPLANE,1   
/REPLOT,RESIZE  
WPSTYLE,,,,,,,,0
/REPLOT,RESIZE  
/VIEW,1,1,1,1   
/ANG,1  
/REP,FAST   
/VIEW,1,1,2,3   
/ANG,1  
/REP,FAST   
/VIEW,1,1,1,1   
/ANG,1  
/REP,FAST   
/VIEW,1,1   
/ANG,1  
/REP,FAST   
/VIEW,1,1,1,1   
/ANG,1  
/REP,FAST   
/REPLOT,RESIZE  
