/BATCH  
/COM,ANSYS RELEASE Release 19.1      BUILD 19.1      UP20180418       11:03:21
/input,menust,tmp,''
/GRA,POWER
/GST,ON
/PLO,INFO,3
/GRO,CURL,ON
/CPLANE,1   
/REPLOT,RESIZE  
WPSTYLE,,,,,,,,0
/REPLOT,RESIZE  
GaoTieBeam5271222.mac   
/COM,ANSYS RELEASE Release 19.1      BUILD 19.1      UP20180418       11:05:21
A2VBC   
/BATCH  
/COM,ANSYS RELEASE Release 19.1      BUILD 19.1      UP20180418       15:56:24
/input,menust,tmp,''
/GRA,POWER
/GST,ON
/PLO,INFO,3
/GRO,CURL,ON
/CPLANE,1   
/REPLOT,RESIZE  
WPSTYLE,,,,,,,,0
FINISH  
! /EXIT,NOSAV   
/BATCH  
/COM,ANSYS RELEASE Release 19.1      BUILD 19.1      UP20180418       16:05:18
/input,menust,tmp,''
/GRA,POWER
/GST,ON
/PLO,INFO,3
/GRO,CURL,ON
/CPLANE,1   
/REPLOT,RESIZE  
WPSTYLE,,,,,,,,0
FINISH  
! /EXIT,NOSAV   
/BATCH  
/COM,ANSYS RELEASE Release 19.1      BUILD 19.1      UP20180418       16:05:37
/input,menust,tmp,''
/GRA,POWER
/GST,ON
/PLO,INFO,3
/GRO,CURL,ON
/CPLANE,1   
/REPLOT,RESIZE  
WPSTYLE,,,,,,,,0
SAVE,,,,ALL 
/CLEAR,START
/COM,ANSYS RELEASE Release 19.1      BUILD 19.1      UP20180418       16:06:00
/input,start,ans,'C:\Program Files\ANSYS Inc\v191\ANSYS\apdl\'  
/FILNAME,noise,1
