2021.1.5
完成了dat文件读写类编写，具备了基础功能，验证及报错功能留待后期更新。

2021.1.6
开始UI界面设计。初步先支持Midas；预留Ansys的空间，后期再加入Ansys。
开发思路：
1.在designer中设计界面（不含弹窗），并规范命名各个控件；
2.在pycharm中动态调用ui文件；
3.在pycharm中，调用ui中的控件对象名称，用代码实现业务功能。

2021.1.10
页面1-2按钮、选取文件的功能开发。

2021.1.11-2021.1.12
表格与excel相互复制粘贴的功能开发。
欠：ctrl+X剪切功能；
细节功能：
复制范围有误时弹窗
块选时不允许粘贴
页面3-4的两张表格设置了自动编号

2021.1.12-2021.1.13
非线性弹簧子窗口的开发
欠：表格中禁止重复编号；；含有子窗口交互的表格对应的删除键，要求能够删除dict中的对应数据；


所有表格的bug：
备注栏数据的存储方式；子窗口问号按钮的功能；”放弃“按钮的二次提示；子窗口表格参数输入数据格式检查

非线性弹簧连接结点表格的开发
欠：弹簧单元号改用下拉菜单选取

表格复制粘贴bug：
直接拖选会卡死，必须先单击再拖选然后copy，否则卡死（已解决）；
paste函数倒数第三行自动编号无条件执行，有问题（已解决）；
在粘贴范围内排除不可编辑单元格的功能尚未成熟，当前会导致无法粘贴任何单元格（已解决）

2021.1.15
任务：攻克非线性弹簧连接结点表格的控件动态增减和读取信息的问题（已完成）
思路：写一个函数用来动态设置控件，同时在增加、删除按钮和ctrl v动作中进行绑定（已完成）

常用车列（8编CRH2等）尚未内置

非线性弹簧的combo更新策略暂时用的是笨方法：上表一有风吹草动，下表立刻全部清空再全部重新加载，须重选

当前代码存在结构性问题：
每个表格的是否允许复制、只读列、是否自动编号等属性的判断，分散再各个函数中，每个函数都需要进行”例外“判断，不利于维护。
数据结构相似的不同参数的dict格式及存储位置存在差异，不利于维护；还有程序中，有的判定依据是代码，有的是字符，比较乱。
部分变量起名风格与dat文件有差异，不利于维护。
重复功能未高度抽象为函数，包括子窗口未能调用主窗口的函数。

车辆字典暂时写死在程序中，后期考虑动态从dat读取

2021.1.16
任务：车辆运行工况子窗口中，动态控件的选项发生变化时，其右侧的单元格的可读写状态跟随变化

2021.1.17
后期要用正则来优化输入框的检查
5167, 5194

轨道插值间距与不平顺波长的联动尚未做好，主要考虑的是不平顺波长还没有做好默认值